<?xml version="1.0" encoding="UTF-8"?>
<testsuite name="com.bl.QuantityMeasurementTest" tests="1" skipped="0" failures="0" errors="0" timestamp="2020-05-23T17:40:18" hostname="DESKTOP-2TJPHRI" time="0.004">
  <properties/>
  <testcase name="given1YardAnd1Yard_WhenCompareBothLengthAreEqual_ShouldReturnTrue" classname="com.bl.QuantityMeasurementTest" time="0.004"/>
  <system-out><![CDATA[]]></system-out>
  <system-err><![CDATA[]]></system-err>
</testsuite>
