<?xml version="1.0" encoding="UTF-8"?>
<testsuite name="com.bl.QuantityMeasurementTest" tests="1" skipped="0" failures="0" errors="0" timestamp="2020-05-24T19:01:16" hostname="DESKTOP-2TJPHRI" time="0.002">
  <properties/>
  <testcase name="given1FeetAnd1Feet_WhenAddBothLengthOfUnits_ShouldReturnAdditionInInch" classname="com.bl.QuantityMeasurementTest" time="0.002"/>
  <system-out><![CDATA[]]></system-out>
  <system-err><![CDATA[]]></system-err>
</testsuite>
