<?xml version="1.0" encoding="UTF-8"?>
<testsuite name="com.bl.QuantityMeasurementTest" tests="1" skipped="0" failures="0" errors="0" timestamp="2020-05-23T17:54:02" hostname="DESKTOP-2TJPHRI" time="0.003">
  <properties/>
  <testcase name="given1YardAnd3Feet_WhenCompareBothLengthEqual_ShouldReturnTrue" classname="com.bl.QuantityMeasurementTest" time="0.003"/>
  <system-out><![CDATA[]]></system-out>
  <system-err><![CDATA[]]></system-err>
</testsuite>
