<?xml version="1.0" encoding="UTF-8"?>
<testsuite name="com.bl.QuantityMeasurementTest" tests="1" skipped="0" failures="0" errors="0" timestamp="2020-05-23T15:46:45" hostname="DESKTOP-2TJPHRI" time="0.016">
  <properties/>
  <testcase name="givenTwoYard_WhenBothAreEqual_ShouldReturnTrue" classname="com.bl.QuantityMeasurementTest" time="0.016"/>
  <system-out><![CDATA[]]></system-out>
  <system-err><![CDATA[]]></system-err>
</testsuite>
