<?xml version="1.0" encoding="UTF-8"?>
<testsuite name="com.bl.QuantityMeasurementTest" tests="1" skipped="0" failures="0" errors="0" timestamp="2020-05-25T03:14:34" hostname="DESKTOP-2TJPHRI" time="0.003">
  <properties/>
  <testcase name="givenLitre_WhenReferenceOfLitreAreEqual_ShouldReturnTrue" classname="com.bl.QuantityMeasurementTest" time="0.003"/>
  <system-out><![CDATA[]]></system-out>
  <system-err><![CDATA[]]></system-err>
</testsuite>
