<?xml version="1.0" encoding="UTF-8"?>
<testsuite name="com.bl.QuantityMeasurementTest" tests="1" skipped="0" failures="0" errors="0" timestamp="2020-05-21T16:58:55" hostname="DESKTOP-2TJPHRI" time="0.004">
  <properties/>
  <testcase name="givenInches_WhenBothInchesAreNotEquals_ShouldReturnFalse" classname="com.bl.QuantityMeasurementTest" time="0.004"/>
  <system-out><![CDATA[]]></system-out>
  <system-err><![CDATA[]]></system-err>
</testsuite>
