<?xml version="1.0" encoding="UTF-8"?>
<testsuite name="com.bl.QuantityMeasurementTest" tests="1" skipped="0" failures="0" errors="0" timestamp="2020-05-24T12:40:41" hostname="DESKTOP-2TJPHRI" time="0.003">
  <properties/>
  <testcase name="givenCentimeter_WhenBothYardsAreNotEquals_ShouldReturnFalse" classname="com.bl.QuantityMeasurementTest" time="0.003"/>
  <system-out><![CDATA[]]></system-out>
  <system-err><![CDATA[]]></system-err>
</testsuite>
