<?xml version="1.0" encoding="UTF-8"?>
<testsuite name="com.bl.QuantityMeasurementTest" tests="1" skipped="0" failures="0" errors="0" timestamp="2020-05-21T16:44:57" hostname="DESKTOP-2TJPHRI" time="0.017">
  <properties/>
  <testcase name="givenTwoInch_WhenBothInchAreEquals_ShouldReturnTrue" classname="com.bl.QuantityMeasurementTest" time="0.017"/>
  <system-out><![CDATA[]]></system-out>
  <system-err><![CDATA[]]></system-err>
</testsuite>
